<?xml version="1.0" encoding="UTF-8"?>
<!-- Generated by org.testng.reporters.JUnitReportReporter -->
<testsuite hostname="Wagh" failures="0" tests="4" name="Worldline.Assignment4.CalcTest" time="0.011" errors="0" timestamp="2024-04-01T23:06:54 IST" skipped="0">
  <testcase classname="Worldline.Assignment4.CalcTest" name="subTest" time="0.000"/>
  <testcase classname="Worldline.Assignment4.CalcTest" name="divTest" time="0.001"/>
  <testcase classname="Worldline.Assignment4.CalcTest" name="mulTest" time="0.001"/>
  <testcase classname="Worldline.Assignment4.CalcTest" name="addTest" time="0.009"/>
</testsuite> <!-- Worldline.Assignment4.CalcTest -->
